0 info it worked if it ends with ok
1 verbose cli [ '/Users/cyrillebogaert/.nvm/versions/v0.12.4/bin/node',
1 verbose cli   '/Users/cyrillebogaert/.nvm/versions/v0.12.4/bin/npm',
1 verbose cli   'run',
1 verbose cli   'testem',
1 verbose cli   'ci' ]
2 info using npm@2.10.1
3 info using node@v0.12.4
4 verbose run-script [ 'pretestem', 'testem', 'posttestem' ]
5 info pretestem burst@1.0.0
6 info testem burst@1.0.0
7 verbose unsafe-perm in lifecycle true
8 info burst@1.0.0 Failed to exec testem script
9 verbose stack Error: burst@1.0.0 testem: `testem "ci"`
9 verbose stack Exit status 1
9 verbose stack     at EventEmitter.<anonymous> (/Users/cyrillebogaert/.nvm/versions/v0.12.4/lib/node_modules/npm/lib/utils/lifecycle.js:213:16)
9 verbose stack     at EventEmitter.emit (events.js:110:17)
9 verbose stack     at ChildProcess.<anonymous> (/Users/cyrillebogaert/.nvm/versions/v0.12.4/lib/node_modules/npm/lib/utils/spawn.js:24:14)
9 verbose stack     at ChildProcess.emit (events.js:110:17)
9 verbose stack     at maybeClose (child_process.js:1015:16)
9 verbose stack     at Process.ChildProcess._handle.onexit (child_process.js:1087:5)
10 verbose pkgid burst@1.0.0
11 verbose cwd /Users/cyrillebogaert/exp/burst
12 error Darwin 14.3.0
13 error argv "/Users/cyrillebogaert/.nvm/versions/v0.12.4/bin/node" "/Users/cyrillebogaert/.nvm/versions/v0.12.4/bin/npm" "run" "testem" "ci"
14 error node v0.12.4
15 error npm  v2.10.1
16 error code ELIFECYCLE
17 error burst@1.0.0 testem: `testem "ci"`
17 error Exit status 1
18 error Failed at the burst@1.0.0 testem script 'testem "ci"'.
18 error This is most likely a problem with the burst package,
18 error not with npm itself.
18 error Tell the author that this fails on your system:
18 error     testem "ci"
18 error You can get their info via:
18 error     npm owner ls burst
18 error There is likely additional logging output above.
19 verbose exit [ 1, true ]
